{"name": "test_products_group", "status": "skipped", "statusDetails": {"message": "XFAIL Wait for fix bug\n\nselenium.common.exceptions.ElementClickInterceptedException: Message: element click intercepted: Element <a href=\"https://testqastudio.me?products_group=sale\" class=\"tab-sale \">...</a> is not clickable at point (740, 748). Other element would receive the click: <div class=\"catalog-toolbar-tabs__content\">...</div>\n  (Session info: chrome=123.0.6312.86)\nStacktrace:\n\tGetHandleVerifier [0x00007FF71B477072+63090]\n\t(No symbol) [0x00007FF71B3E2CC2]\n\t(No symbol) [0x00007FF71B27EC65]\n\t(No symbol) [0x00007FF71B2CBB34]\n\t(No symbol) [0x00007FF71B2C9954]\n\t(No symbol) [0x00007FF71B2C7164]\n\t(No symbol) [0x00007FF71B2C5EF9]\n\t(No symbol) [0x00007FF71B2BA708]\n\t(No symbol) [0x00007FF71B2E6FDA]\n\t(No symbol) [0x00007FF71B2BA00A]\n\t(No symbol) [0x00007FF71B2E71F0]\n\t(No symbol) [0x00007FF71B303412]\n\t(No symbol) [0x00007FF71B2E6D83]\n\t(No symbol) [0x00007FF71B2B83A8]\n\t(No symbol) [0x00007FF71B2B9441]\n\tGetHandleVerifier [0x00007FF71B8725CD+4238285]\n\tGetHandleVerifier [0x00007FF71B8AF72D+4488493]\n\tGetHandleVerifier [0x00007FF71B8A7A0F+4456463]\n\tGetHandleVerifier [0x00007FF71B5505B6+953270]\n\t(No symbol) [0x00007FF71B3EE58F]\n\t(No symbol) [0x00007FF71B3E9264]\n\t(No symbol) [0x00007FF71B3E939B]\n\t(No symbol) [0x00007FF71B3D9BD4]\n\tBaseThreadInitThunk [0x00007FFE8DFA257D+29]\n\tRtlUserThreadStart [0x00007FFE902CAA58+40]", "trace": "tests\\test_shop.py:48: in test_products_group\n    element.click()\n        browser    = <selenium.webdriver.chrome.webdriver.WebDriver (session=\"9418cf2bde15600e4df025e4d8120334\")>\n        element    = <selenium.webdriver.remote.webelement.WebElement (session=\"9418cf2bde15600e4df025e4d8120334\", element=\"f.99939AB68094CA59B975E1A0979998D7.d.36E61CE35706593DF3DA67AD5E5EEF82.e.182\")>\n        elements   = [<selenium.webdriver.remote.webelement.WebElement (session=\"9418cf2bde15600e4df025e4d8120334\", element=\"f.99939AB68094...cf2bde15600e4df025e4d8120334\", element=\"f.99939AB68094CA59B975E1A0979998D7.d.01B505B087B7943DEF052119AB291B9D.e.111\")>]\n        expected_menu = [('Все', '', \"[class='tab-all active']\"), ('Бестселлеры', '/?products_group=best_sellers', \"[class='tab-best_sellers '... '/?products_group=new', \"[class='tab-new ']\"), ('Распродажа товаров', '/?products_group=sale', \"[class='tab-sale ']\")]\n        item       = ('Распродажа товаров', '/?products_group=sale', \"[class='tab-sale ']\")\n        menu_element = \"[class='catalog-toolbar-tabs__content'] a\"\n..\\..\\..\\AppData\\Local\\Programs\\Python\\Python312\\Lib\\site-packages\\selenium\\webdriver\\remote\\webelement.py:94: in click\n    self._execute(Command.CLICK_ELEMENT)\n        self       = <selenium.webdriver.remote.webelement.WebElement (session=\"9418cf2bde15600e4df025e4d8120334\", element=\"f.99939AB68094CA59B975E1A0979998D7.d.36E61CE35706593DF3DA67AD5E5EEF82.e.182\")>\n..\\..\\..\\AppData\\Local\\Programs\\Python\\Python312\\Lib\\site-packages\\selenium\\webdriver\\remote\\webelement.py:395: in _execute\n    return self._parent.execute(command, params)\n        command    = 'clickElement'\n        params     = {'id': 'f.99939AB68094CA59B975E1A0979998D7.d.36E61CE35706593DF3DA67AD5E5EEF82.e.182'}\n        self       = <selenium.webdriver.remote.webelement.WebElement (session=\"9418cf2bde15600e4df025e4d8120334\", element=\"f.99939AB68094CA59B975E1A0979998D7.d.36E61CE35706593DF3DA67AD5E5EEF82.e.182\")>\n..\\..\\..\\AppData\\Local\\Programs\\Python\\Python312\\Lib\\site-packages\\selenium\\webdriver\\remote\\webdriver.py:347: in execute\n    self.error_handler.check_response(response)\n        driver_command = 'clickElement'\n        params     = {}\n        response   = {'status': 400, 'value': '{\"value\":{\"error\":\"element click intercepted\",\"message\":\"element click intercepted: Element ...07FF71B3D9BD4]\\\\n\\\\tBaseThreadInitThunk [0x00007FFE8DFA257D+29]\\\\n\\\\tRtlUserThreadStart [0x00007FFE902CAA58+40]\\\\n\"}}'}\n        self       = <selenium.webdriver.chrome.webdriver.WebDriver (session=\"9418cf2bde15600e4df025e4d8120334\")>\n..\\..\\..\\AppData\\Local\\Programs\\Python\\Python312\\Lib\\site-packages\\selenium\\webdriver\\remote\\errorhandler.py:229: in check_response\n    raise exception_class(message, screen, stacktrace)\nE   selenium.common.exceptions.ElementClickInterceptedException: Message: element click intercepted: Element <a href=\"https://testqastudio.me?products_group=sale\" class=\"tab-sale \">...</a> is not clickable at point (740, 748). Other element would receive the click: <div class=\"catalog-toolbar-tabs__content\">...</div>\nE     (Session info: chrome=123.0.6312.86)\nE   Stacktrace:\nE   \tGetHandleVerifier [0x00007FF71B477072+63090]\nE   \t(No symbol) [0x00007FF71B3E2CC2]\nE   \t(No symbol) [0x00007FF71B27EC65]\nE   \t(No symbol) [0x00007FF71B2CBB34]\nE   \t(No symbol) [0x00007FF71B2C9954]\nE   \t(No symbol) [0x00007FF71B2C7164]\nE   \t(No symbol) [0x00007FF71B2C5EF9]\nE   \t(No symbol) [0x00007FF71B2BA708]\nE   \t(No symbol) [0x00007FF71B2E6FDA]\nE   \t(No symbol) [0x00007FF71B2BA00A]\nE   \t(No symbol) [0x00007FF71B2E71F0]\nE   \t(No symbol) [0x00007FF71B303412]\nE   \t(No symbol) [0x00007FF71B2E6D83]\nE   \t(No symbol) [0x00007FF71B2B83A8]\nE   \t(No symbol) [0x00007FF71B2B9441]\nE   \tGetHandleVerifier [0x00007FF71B8725CD+4238285]\nE   \tGetHandleVerifier [0x00007FF71B8AF72D+4488493]\nE   \tGetHandleVerifier [0x00007FF71B8A7A0F+4456463]\nE   \tGetHandleVerifier [0x00007FF71B5505B6+953270]\nE   \t(No symbol) [0x00007FF71B3EE58F]\nE   \t(No symbol) [0x00007FF71B3E9264]\nE   \t(No symbol) [0x00007FF71B3E939B]\nE   \t(No symbol) [0x00007FF71B3D9BD4]\nE   \tBaseThreadInitThunk [0x00007FFE8DFA257D+29]\nE   \tRtlUserThreadStart [0x00007FFE902CAA58+40]\n        e          = <selenium.webdriver.remote.errorhandler.ErrorCode object at 0x0000024259683200>\n        error_code = 'ELEMENT_CLICK_INTERCEPTED'\n        error_codes = ['ELEMENT_CLICK_INTERCEPTED', 'ELEMENT_IS_NOT_SELECTABLE', 'ELEMENT_NOT_INTERACTABLE', 'ELEMENT_NOT_VISIBLE', 'IME_ENGINE_ACTIVATION_FAILED', 'IME_NOT_AVAILABLE', ...]\n        error_info = [64, 'element click intercepted']\n        exception_class = <class 'selenium.common.exceptions.ElementClickInterceptedException'>\n        json       = <module 'json' from 'C:\\\\Users\\\\prosk\\\\AppData\\\\Local\\\\Programs\\\\Python\\\\Python312\\\\Lib\\\\json\\\\__init__.py'>\n        message    = 'element click intercepted: Element <a href=\"https://testqastudio.me?products_group=sale\" class=\"tab-sale \">...</a> is... would receive the click: <div class=\"catalog-toolbar-tabs__content\">...</div>\\n  (Session info: chrome=123.0.6312.86)'\n        response   = {'status': 400, 'value': '{\"value\":{\"error\":\"element click intercepted\",\"message\":\"element click intercepted: Element ...07FF71B3D9BD4]\\\\n\\\\tBaseThreadInitThunk [0x00007FFE8DFA257D+29]\\\\n\\\\tRtlUserThreadStart [0x00007FFE902CAA58+40]\\\\n\"}}'}\n        screen     = None\n        self       = <selenium.webdriver.remote.errorhandler.ErrorHandler object at 0x0000024259681B80>\n        st_value   = '\\tGetHandleVerifier [0x00007FF71B477072+63090]\\n\\t(No symbol) [0x00007FF71B3E2CC2]\\n\\t(No symbol) [0x00007FF71B27EC65...l) [0x00007FF71B3D9BD4]\\n\\tBaseThreadInitThunk [0x00007FFE8DFA257D+29]\\n\\tRtlUserThreadStart [0x00007FFE902CAA58+40]\\n'\n        stacktrace = ['\\tGetHandleVerifier [0x00007FF71B477072+63090]', '\\t(No symbol) [0x00007FF71B3E2CC2]', '\\t(No symbol) [0x00007FF71B2... '\\t(No symbol) [0x00007FF71B2CBB34]', '\\t(No symbol) [0x00007FF71B2C9954]', '\\t(No symbol) [0x00007FF71B2C7164]', ...]\n        status     = 'element click intercepted'\n        value      = {'error': 'element click intercepted', 'message': 'element click intercepted: Element <a href=\"https://testqastudio.me...) [0x00007FF71B3D9BD4]\\n\\tBaseThreadInitThunk [0x00007FFE8DFA257D+29]\\n\\tRtlUserThreadStart [0x00007FFE902CAA58+40]\\n'}\n        value_json = '{\"value\":{\"error\":\"element click intercepted\",\"message\":\"element click intercepted: Element \\\\u003Ca href=\\\\\"https://...007FF71B3D9BD4]\\\\n\\\\tBaseThreadInitThunk [0x00007FFE8DFA257D+29]\\\\n\\\\tRtlUserThreadStart [0x00007FFE902CAA58+40]\\\\n\"}}'"}, "description": "\n    Test case TC-2\n    ", "start": 1712409525572, "stop": 1712409536538, "uuid": "46d496e3-d4fb-446f-94b3-5a843023be51", "historyId": "4fdd6adba16e950b161eae73ef4ccb14", "testCaseId": "4fdd6adba16e950b161eae73ef4ccb14", "fullName": "tests.test_shop#test_products_group", "labels": [{"name": "tag", "value": "@pytest.mark.xfail(reason='Wait for fix bug')"}, {"name": "parentSuite", "value": "tests"}, {"name": "suite", "value": "test_shop"}, {"name": "host", "value": "MEGABOOK_S1"}, {"name": "thread", "value": "19116-MainThread"}, {"name": "framework", "value": "pytest"}, {"name": "language", "value": "cpython3"}, {"name": "package", "value": "tests.test_shop"}]}